c:\users\ivan lee\documents\software project\machine learning\ai\cpos\cposrtspdemo\cposrtspdemo\debug\cposrtspdemo.pch
c:\users\ivan lee\documents\software project\machine learning\ai\cpos\cposrtspdemo\cposrtspdemo\debug\vc142.pdb
c:\users\ivan lee\documents\software project\machine learning\ai\cpos\cposrtspdemo\cposrtspdemo\debug\vc142.idb
c:\users\ivan lee\documents\software project\machine learning\ai\cpos\cposrtspdemo\cposrtspdemo\debug\stdafx.obj
c:\users\ivan lee\documents\software project\machine learning\ai\cpos\cposrtspdemo\cposrtspdemo\debug\logger.obj
c:\users\ivan lee\documents\software project\machine learning\ai\cpos\cposrtspdemo\cposrtspdemo\debug\cposrtspdemodlg.obj
c:\users\ivan lee\documents\software project\machine learning\ai\cpos\cposrtspdemo\cposrtspdemo\debug\cposrtspdemo.obj
c:\users\ivan lee\documents\software project\machine learning\ai\cpos\cposrtspdemo\debug\cposrtspdemo.exe
c:\users\ivan lee\documents\software project\machine learning\ai\cpos\cposrtspdemo\cposrtspdemo\debug\cposrtspdemo.ilk
c:\users\ivan lee\documents\software project\machine learning\ai\cpos\cposrtspdemo\debug\cposrtspdemo.pdb
c:\users\ivan lee\documents\software project\machine learning\ai\cpos\cposrtspdemo\cposrtspdemo\debug\cposrtspdemo.res
c:\users\ivan lee\documents\software project\machine learning\ai\cpos\cposrtspdemo\cposrtspdemo\debug\cposrtspdemo.tlog\cl.command.1.tlog
c:\users\ivan lee\documents\software project\machine learning\ai\cpos\cposrtspdemo\cposrtspdemo\debug\cposrtspdemo.tlog\cl.read.1.tlog
c:\users\ivan lee\documents\software project\machine learning\ai\cpos\cposrtspdemo\cposrtspdemo\debug\cposrtspdemo.tlog\cl.write.1.tlog
c:\users\ivan lee\documents\software project\machine learning\ai\cpos\cposrtspdemo\cposrtspdemo\debug\cposrtspdemo.tlog\link.command.1.tlog
c:\users\ivan lee\documents\software project\machine learning\ai\cpos\cposrtspdemo\cposrtspdemo\debug\cposrtspdemo.tlog\link.read.1.tlog
c:\users\ivan lee\documents\software project\machine learning\ai\cpos\cposrtspdemo\cposrtspdemo\debug\cposrtspdemo.tlog\link.write.1.tlog
c:\users\ivan lee\documents\software project\machine learning\ai\cpos\cposrtspdemo\cposrtspdemo\debug\cposrtspdemo.tlog\rc.command.1.tlog
c:\users\ivan lee\documents\software project\machine learning\ai\cpos\cposrtspdemo\cposrtspdemo\debug\cposrtspdemo.tlog\rc.read.1.tlog
c:\users\ivan lee\documents\software project\machine learning\ai\cpos\cposrtspdemo\cposrtspdemo\debug\cposrtspdemo.tlog\rc.write.1.tlog
