c:\users\ivan lee\documents\software project\machine learning\ai\cpos\cposrtspdemo\cposrtspdemo\release\cposrtspdemo.pch
c:\users\ivan lee\documents\software project\machine learning\ai\cpos\cposrtspdemo\cposrtspdemo\release\vc142.pdb
c:\users\ivan lee\documents\software project\machine learning\ai\cpos\cposrtspdemo\cposrtspdemo\release\stdafx.obj
c:\users\ivan lee\documents\software project\machine learning\ai\cpos\cposrtspdemo\cposrtspdemo\release\logger.obj
c:\users\ivan lee\documents\software project\machine learning\ai\cpos\cposrtspdemo\cposrtspdemo\release\cposrtspdemodlg.obj
c:\users\ivan lee\documents\software project\machine learning\ai\cpos\cposrtspdemo\cposrtspdemo\release\cposrtspdemo.obj
c:\users\ivan lee\documents\software project\machine learning\ai\cpos\cposrtspdemo\release\cposrtspdemo.exe
c:\users\ivan lee\documents\software project\machine learning\ai\cpos\cposrtspdemo\cposrtspdemo\release\cposrtspdemo.ipdb
c:\users\ivan lee\documents\software project\machine learning\ai\cpos\cposrtspdemo\cposrtspdemo\release\cposrtspdemo.iobj
c:\users\ivan lee\documents\software project\machine learning\ai\cpos\cposrtspdemo\release\cposrtspdemo.pdb
c:\users\ivan lee\documents\software project\machine learning\ai\cpos\cposrtspdemo\cposrtspdemo\release\cposrtspdemo.res
c:\users\ivan lee\documents\software project\machine learning\ai\cpos\cposrtspdemo\cposrtspdemo\release\cposrtspdemo.tlog\cl.command.1.tlog
c:\users\ivan lee\documents\software project\machine learning\ai\cpos\cposrtspdemo\cposrtspdemo\release\cposrtspdemo.tlog\cl.read.1.tlog
c:\users\ivan lee\documents\software project\machine learning\ai\cpos\cposrtspdemo\cposrtspdemo\release\cposrtspdemo.tlog\cl.write.1.tlog
c:\users\ivan lee\documents\software project\machine learning\ai\cpos\cposrtspdemo\cposrtspdemo\release\cposrtspdemo.tlog\link.command.1.tlog
c:\users\ivan lee\documents\software project\machine learning\ai\cpos\cposrtspdemo\cposrtspdemo\release\cposrtspdemo.tlog\link.read.1.tlog
c:\users\ivan lee\documents\software project\machine learning\ai\cpos\cposrtspdemo\cposrtspdemo\release\cposrtspdemo.tlog\link.write.1.tlog
c:\users\ivan lee\documents\software project\machine learning\ai\cpos\cposrtspdemo\cposrtspdemo\release\cposrtspdemo.tlog\rc.command.1.tlog
c:\users\ivan lee\documents\software project\machine learning\ai\cpos\cposrtspdemo\cposrtspdemo\release\cposrtspdemo.tlog\rc.read.1.tlog
c:\users\ivan lee\documents\software project\machine learning\ai\cpos\cposrtspdemo\cposrtspdemo\release\cposrtspdemo.tlog\rc.write.1.tlog
