  stdafx.cpp
  CPosRtspDemo.cpp
  CPosRtspDemoDlg.cpp
C:\Users\Ivan Lee\Documents\Software project\Machine learning\AI\CPOS\CPosRtspDemo\CPosRtspDemo\CPosRtspDemoDlg.cpp(166,16): warning C4477: 'sprintf' : format string '%s' requires an argument of type 'char *', but variadic argument 1 has type 'CString'
C:\Users\Ivan Lee\Documents\Software project\Machine learning\AI\CPOS\CPosRtspDemo\CPosRtspDemo\CPosRtspDemoDlg.cpp(166,16): warning C4477: 'sprintf' : format string '%s' requires an argument of type 'char *', but variadic argument 2 has type 'CString'
C:\Users\Ivan Lee\Documents\Software project\Machine learning\AI\CPOS\CPosRtspDemo\CPosRtspDemo\CPosRtspDemoDlg.cpp(166,16): warning C4477: 'sprintf' : format string '%s' requires an argument of type 'char *', but variadic argument 3 has type 'CString'
C:\Users\Ivan Lee\Documents\Software project\Machine learning\AI\CPOS\CPosRtspDemo\CPosRtspDemo\CPosRtspDemoDlg.cpp(166,16): warning C4477: 'sprintf' : format string '%s' requires an argument of type 'char *', but variadic argument 4 has type 'CString'
C:\Users\Ivan Lee\Documents\Software project\Machine learning\AI\CPOS\CPosRtspDemo\CPosRtspDemo\CPosRtspDemoDlg.cpp(166,16): warning C4477: 'sprintf' : format string '%s' requires an argument of type 'char *', but variadic argument 5 has type 'CString'
C:\Users\Ivan Lee\Documents\Software project\Machine learning\AI\CPOS\CPosRtspDemo\CPosRtspDemo\CPosRtspDemoDlg.cpp(166,16): warning C4477: 'sprintf' : format string '%s' requires an argument of type 'char *', but variadic argument 6 has type 'CString'
C:\Users\Ivan Lee\Documents\Software project\Machine learning\AI\CPOS\CPosRtspDemo\CPosRtspDemo\CPosRtspDemoDlg.cpp(166,2): warning C4996: 'sprintf': This function or variable may be unsafe. Consider using sprintf_s instead. To disable deprecation, use _CRT_SECURE_NO_WARNINGS. See online help for details.
C:\Users\Ivan Lee\Documents\Software project\Machine learning\AI\CPOS\CPosRtspDemo\CPosRtspDemo\CPosRtspDemoDlg.cpp(460,18): warning C4018: '<': signed/unsigned mismatch
C:\Users\Ivan Lee\Documents\Software project\Machine learning\AI\CPOS\CPosRtspDemo\CPosRtspDemo\CPosRtspDemoDlg.cpp(885,11): warning C4018: '>': signed/unsigned mismatch
C:\Users\Ivan Lee\Documents\Software project\Machine learning\AI\CPOS\CPosRtspDemo\CPosRtspDemo\CPosRtspDemoDlg.cpp(988,32): warning C4996: 'inet_addr': Use inet_pton() or InetPton() instead or define _WINSOCK_DEPRECATED_NO_WARNINGS to disable deprecated API warnings
C:\Users\Ivan Lee\Documents\Software project\Machine learning\AI\CPOS\CPosRtspDemo\CPosRtspDemo\CPosRtspDemoDlg.cpp(978,7): warning C4101: 'buff': unreferenced local variable
  Logger.cpp
  Generating code
  Previous IPDB not found, fall back to full compilation.
  All 406 functions were compiled because no usable IPDB/IOBJ from previous compilation was found.
  Finished generating code
  CPosRtspDemo.vcxproj -> C:\Users\Ivan Lee\Documents\Software project\Machine learning\AI\CPOS\CPosRtspDemo\Release\CPosRtspDemo.exe
